<?xml version="1.0" encoding="UTF-8"?>
<!-- Generated by org.testng.reporters.JUnitReportReporter -->
<testsuite hostname="LAPTOP-QMTC14CJ" failures="0" tests="3" name="com.qalegend.qa.testcases.UserManagementTestCases" time="11.863" errors="0" timestamp="2023-05-13T18:36:18 IST" skipped="2">
  <testcase classname="com.qalegend.qa.testcases.UserManagementTestCases" name="searchFunctionalityCheck" time="11.863"/>
  <system-out/>
  <testcase classname="com.qalegend.qa.testcases.UserManagementTestCases" name="userManagementMenuExpansionCheck">
    <skipped/>
  </testcase> <!-- userManagementMenuExpansionCheck -->
  <system-out/>
  <testcase classname="com.qalegend.qa.testcases.UserManagementTestCases" name="addUser">
    <skipped/>
  </testcase> <!-- addUser -->
  <system-out/>
</testsuite> <!-- com.qalegend.qa.testcases.UserManagementTestCases -->
